<?xml version="1.0" encoding="UTF-8"?>
<!-- Generated by org.testng.reporters.JUnitReportReporter -->
<testsuite hostname="DESKTOP-S36GMQB" failures="0" tests="5" name="testng.Alpha" time="23.812" errors="0" timestamp="2023-04-22T09:39:37 IST" skipped="0">
  <testcase classname="testng.Alpha" name="google" time="9.394"/>
  <system-out/>
  <testcase classname="testng.Alpha" name="facebook" time="1.920"/>
  <system-out/>
  <testcase classname="testng.Alpha" name="manabadi" time="2.997"/>
  <system-out/>
  <testcase classname="testng.Alpha" name="flipkart" time="7.063"/>
  <system-out/>
  <testcase classname="testng.Alpha" name="cricbuzz" time="2.438"/>
  <system-out/>
</testsuite> <!-- testng.Alpha -->
